[2019-10-21 16:25:35] slim-app.INFO: Slim-Skeleton '/' route [] {"uid":"9d5fac6"}
[2019-10-21 16:31:35] slim-app.INFO: Slim-Skeleton '/' route [] {"uid":"7d6cc01"}
[2019-10-21 16:32:20] slim-app.INFO: Slim-Skeleton '/' route [] {"uid":"4cd5666"}
[2019-10-21 16:32:39] slim-app.INFO: Slim-Skeleton '/' route [] {"uid":"ee8b576"}
[2019-10-21 16:38:01] slim-app.INFO: Slim-Skeleton '/' route [] {"uid":"00b769c"}
[2019-10-21 16:43:14] slim-app.INFO: Slim-Skeleton '/' route [] {"uid":"d0db801"}
[2019-10-21 16:43:14] slim-app.INFO: Slim-Skeleton '/' route [] {"uid":"2cbdf9c"}
[2019-10-21 16:44:07] slim-app.INFO: Slim-Skeleton '/' route [] {"uid":"9964684"}
[2019-10-21 17:12:19] slim-app.INFO: Slim-Skeleton '/' route [] {"uid":"76c173f"}
[2019-10-21 17:13:02] slim-app.INFO: Slim-Skeleton '/' route [] {"uid":"810b9ae"}
[2019-10-21 17:16:31] slim-app.INFO: Slim-Skeleton '/' route [] {"uid":"eba8a4f"}
[2019-10-21 17:17:30] slim-app.INFO: Slim-Skeleton '/' route [] {"uid":"78abd07"}
[2019-10-21 17:40:07] slim-app.INFO: Slim-Skeleton '/' route [] {"uid":"ae7515e"}
[2019-10-21 17:40:20] slim-app.INFO: Slim-Skeleton '/' route [] {"uid":"4a0087e"}
[2019-10-21 17:40:33] slim-app.INFO: Slim-Skeleton '/' route [] {"uid":"a6690db"}
[2019-10-21 17:43:42] slim-app.INFO: Slim-Skeleton '/' route [] {"uid":"73b3537"}
[2019-10-21 17:47:48] slim-app.INFO: Slim-Skeleton '/' route [] {"uid":"3329bda"}
[2019-10-21 17:48:02] slim-app.INFO: Slim-Skeleton '/' route [] {"uid":"9f943b7"}
[2019-10-21 17:48:14] slim-app.INFO: Slim-Skeleton '/' route [] {"uid":"5eb2078"}
[2019-10-21 17:48:27] slim-app.INFO: Slim-Skeleton '/' route [] {"uid":"5cad997"}
[2019-10-21 17:49:16] slim-app.INFO: Slim-Skeleton '/' route [] {"uid":"bb76910"}
[2019-10-21 17:49:25] slim-app.INFO: Slim-Skeleton '/' route [] {"uid":"9bfa4b3"}
[2019-10-21 17:49:36] slim-app.INFO: Slim-Skeleton '/' route [] {"uid":"0f941a5"}
[2019-10-21 17:49:51] slim-app.INFO: Slim-Skeleton '/' route [] {"uid":"b4e7e52"}
[2019-10-21 17:50:05] slim-app.INFO: Slim-Skeleton '/' route [] {"uid":"5145f47"}
[2019-10-21 17:51:25] slim-app.INFO: Slim-Skeleton '/' route [] {"uid":"7ff1be7"}
[2019-10-21 17:53:30] slim-app.INFO: Slim-Skeleton '/' route [] {"uid":"3220004"}
[2019-10-21 17:53:48] slim-app.INFO: Slim-Skeleton '/' route [] {"uid":"0d6f3b0"}
[2019-10-21 17:54:42] slim-app.INFO: Slim-Skeleton '/' route [] {"uid":"fca3b8b"}
[2019-10-21 17:54:54] slim-app.INFO: Slim-Skeleton '/' route [] {"uid":"9ab4df0"}
[2019-10-21 17:55:04] slim-app.INFO: Slim-Skeleton '/' route [] {"uid":"23361ce"}
[2019-10-21 17:55:05] slim-app.INFO: Slim-Skeleton '/' route [] {"uid":"8214031"}
[2019-10-21 17:56:36] slim-app.INFO: Slim-Skeleton '/' route [] {"uid":"6305ffe"}
[2019-10-21 17:56:57] slim-app.INFO: Slim-Skeleton '/' route [] {"uid":"a020918"}
[2019-10-21 17:57:12] slim-app.INFO: Slim-Skeleton '/' route [] {"uid":"7270b3d"}
[2019-10-21 17:57:39] slim-app.INFO: Slim-Skeleton '/' route [] {"uid":"4759feb"}
[2019-10-21 17:58:22] slim-app.INFO: Slim-Skeleton '/' route [] {"uid":"1ece731"}
[2019-10-21 17:58:57] slim-app.INFO: Slim-Skeleton '/' route [] {"uid":"7f9d892"}
[2019-10-21 17:59:15] slim-app.INFO: Slim-Skeleton '/' route [] {"uid":"e45aae3"}
[2019-10-21 17:59:27] slim-app.INFO: Slim-Skeleton '/' route [] {"uid":"646c4af"}
[2019-10-21 17:59:46] slim-app.INFO: Slim-Skeleton '/' route [] {"uid":"1996202"}
[2019-10-21 17:59:46] slim-app.INFO: Slim-Skeleton '/' route [] {"uid":"fac404b"}
[2019-10-21 18:00:03] slim-app.INFO: Slim-Skeleton '/' route [] {"uid":"640308f"}
[2019-10-21 18:00:14] slim-app.INFO: Slim-Skeleton '/' route [] {"uid":"015dc32"}
[2019-10-21 18:00:15] slim-app.INFO: Slim-Skeleton '/' route [] {"uid":"239dfa6"}
[2019-10-21 18:00:42] slim-app.INFO: Slim-Skeleton '/' route [] {"uid":"a17e1d4"}
[2019-10-21 18:01:16] slim-app.INFO: Slim-Skeleton '/' route [] {"uid":"e7855c4"}
[2019-10-21 18:01:48] slim-app.INFO: Slim-Skeleton '/' route [] {"uid":"04fab95"}
[2019-10-21 18:03:20] slim-app.INFO: Slim-Skeleton '/' route [] {"uid":"de8be0f"}
[2019-10-21 18:03:21] slim-app.INFO: Slim-Skeleton '/' route [] {"uid":"5b128f7"}
[2019-10-21 18:05:13] slim-app.INFO: Slim-Skeleton '/' route [] {"uid":"3df3b6b"}
[2019-10-21 18:05:27] slim-app.INFO: Slim-Skeleton '/' route [] {"uid":"4db181b"}
[2019-10-21 18:05:38] slim-app.INFO: Slim-Skeleton '/' route [] {"uid":"7ba46bf"}
[2019-10-21 18:06:01] slim-app.INFO: Slim-Skeleton '/' route [] {"uid":"f9b3923"}
[2019-10-21 18:06:16] slim-app.INFO: Slim-Skeleton '/' route [] {"uid":"9a60608"}
[2019-10-21 18:06:16] slim-app.INFO: Slim-Skeleton '/' route [] {"uid":"629faac"}
[2019-10-21 18:06:16] slim-app.INFO: Slim-Skeleton '/' route [] {"uid":"ac2990a"}
[2019-10-21 18:06:32] slim-app.INFO: Slim-Skeleton '/' route [] {"uid":"a4c967c"}
[2019-10-21 18:06:49] slim-app.INFO: Slim-Skeleton '/' route [] {"uid":"5e9bf6e"}
[2019-10-21 18:07:46] slim-app.INFO: Slim-Skeleton '/' route [] {"uid":"9c8a8fd"}
[2019-10-21 18:07:46] slim-app.INFO: Slim-Skeleton '/' route [] {"uid":"d6df8c2"}
[2019-10-21 18:07:47] slim-app.INFO: Slim-Skeleton '/' route [] {"uid":"641f6c1"}
[2019-10-21 18:08:13] slim-app.INFO: Slim-Skeleton '/' route [] {"uid":"6b96e23"}
[2019-10-21 18:08:25] slim-app.INFO: Slim-Skeleton '/' route [] {"uid":"b41cb76"}
[2019-10-21 18:08:26] slim-app.INFO: Slim-Skeleton '/' route [] {"uid":"b0cc55b"}
[2019-10-21 18:08:48] slim-app.INFO: Slim-Skeleton '/' route [] {"uid":"456c57d"}
[2019-10-21 18:08:49] slim-app.INFO: Slim-Skeleton '/' route [] {"uid":"f6625ea"}
[2019-10-21 18:09:05] slim-app.INFO: Slim-Skeleton '/' route [] {"uid":"b1cfa0f"}
[2019-10-21 18:09:22] slim-app.INFO: Slim-Skeleton '/' route [] {"uid":"b5ca24c"}
[2019-10-21 18:10:20] slim-app.INFO: Slim-Skeleton '/' route [] {"uid":"f3bdf44"}
[2019-10-21 18:10:21] slim-app.INFO: Slim-Skeleton '/' route [] {"uid":"e5b9a7b"}
[2019-10-21 18:11:41] slim-app.INFO: Slim-Skeleton '/' route [] {"uid":"5641332"}
[2019-10-21 18:11:55] slim-app.INFO: Slim-Skeleton '/' route [] {"uid":"f2e3e0f"}
[2019-10-21 18:11:56] slim-app.INFO: Slim-Skeleton '/' route [] {"uid":"f25da35"}
[2019-10-21 18:12:07] slim-app.INFO: Slim-Skeleton '/' route [] {"uid":"281b245"}
[2019-10-21 18:12:20] slim-app.INFO: Slim-Skeleton '/' route [] {"uid":"71e2520"}
[2019-10-21 18:12:39] slim-app.INFO: Slim-Skeleton '/' route [] {"uid":"9e6837f"}
[2019-10-21 18:12:39] slim-app.INFO: Slim-Skeleton '/' route [] {"uid":"441ef6c"}
[2019-10-21 18:12:40] slim-app.INFO: Slim-Skeleton '/' route [] {"uid":"d768e6b"}
[2019-10-21 18:12:53] slim-app.INFO: Slim-Skeleton '/' route [] {"uid":"e5684e5"}
[2019-10-21 18:13:38] slim-app.INFO: Slim-Skeleton '/' route [] {"uid":"49f5ce9"}
[2019-10-21 18:13:53] slim-app.INFO: Slim-Skeleton '/' route [] {"uid":"71caa31"}
[2019-10-21 18:23:30] slim-app.INFO: Slim-Skeleton '/' route [] {"uid":"054de53"}
[2019-10-21 18:23:48] slim-app.INFO: Slim-Skeleton '/' route [] {"uid":"76f8a4c"}
[2019-10-21 18:23:51] slim-app.INFO: Slim-Skeleton '/' route [] {"uid":"5250cfd"}
[2019-10-21 18:24:19] slim-app.INFO: Slim-Skeleton '/' route [] {"uid":"aebda34"}
[2019-10-21 18:24:33] slim-app.INFO: Slim-Skeleton '/' route [] {"uid":"855f570"}
[2019-10-21 18:25:00] slim-app.INFO: Slim-Skeleton '/' route [] {"uid":"452fb24"}
[2019-10-21 18:25:26] slim-app.INFO: Slim-Skeleton '/' route [] {"uid":"544f408"}
[2019-10-21 18:25:29] slim-app.INFO: Slim-Skeleton '/' route [] {"uid":"10c1b8d"}
[2019-10-21 18:25:34] slim-app.INFO: Slim-Skeleton '/' route [] {"uid":"eca4678"}
[2019-10-21 18:25:38] slim-app.INFO: Slim-Skeleton '/' route [] {"uid":"e087bd3"}
[2019-10-21 18:25:40] slim-app.INFO: Slim-Skeleton '/' route [] {"uid":"dbec761"}
[2019-10-21 18:25:44] slim-app.INFO: Slim-Skeleton '/' route [] {"uid":"984a63e"}
[2019-10-21 18:25:59] slim-app.INFO: Slim-Skeleton '/' route [] {"uid":"23871a2"}
[2019-10-21 18:26:43] slim-app.INFO: Slim-Skeleton '/' route [] {"uid":"e27c641"}
[2019-10-21 18:26:44] slim-app.INFO: Slim-Skeleton '/' route [] {"uid":"8bc7903"}
[2019-10-21 18:27:20] slim-app.INFO: Slim-Skeleton '/' route [] {"uid":"d5d9396"}
[2019-10-21 18:27:25] slim-app.INFO: Slim-Skeleton '/' route [] {"uid":"c4db90c"}
[2019-10-21 18:27:46] slim-app.INFO: Slim-Skeleton '/' route [] {"uid":"652b181"}
[2019-10-21 18:27:54] slim-app.INFO: Slim-Skeleton '/' route [] {"uid":"325951c"}
[2019-10-21 18:28:59] slim-app.INFO: Slim-Skeleton '/' route [] {"uid":"8a3ee46"}
[2019-10-21 18:29:32] slim-app.INFO: Slim-Skeleton '/' route [] {"uid":"f8afebd"}
[2019-10-21 18:30:30] slim-app.INFO: Slim-Skeleton '/detail' route [] {"uid":"675a9b7"}
[2019-10-21 18:30:30] slim-app.INFO: Slim-Skeleton '/detail' route [] {"uid":"c38fbd7"}
[2019-10-21 18:30:30] slim-app.INFO: Slim-Skeleton '/detail' route [] {"uid":"5d1ed12"}
[2019-10-21 18:30:44] slim-app.INFO: Slim-Skeleton '/detail' route [] {"uid":"b6a2c65"}
[2019-10-21 18:31:06] slim-app.INFO: Slim-Skeleton '/detail' route [] {"uid":"0b12b64"}
[2019-10-21 18:31:25] slim-app.INFO: Slim-Skeleton '/detail' route [] {"uid":"e25e101"}
[2019-10-21 18:31:50] slim-app.INFO: Details of Entry '/detail' route [] {"uid":"a8f09af"}
[2019-10-21 18:32:58] slim-app.INFO: Details of Entry '/detail' route [] {"uid":"30aa7eb"}
[2019-10-21 18:33:22] slim-app.INFO: New Entry '/new' route [] {"uid":"5dfbf5c"}
[2019-10-21 18:33:29] slim-app.INFO: Home'/' route [] {"uid":"4811bb9"}
